==============================================================
File generated by Vivado(TM) HLS - High-Level Synthesis from C, C++ and SystemC
Version: 2018.1
Copyright (C) 1986-2018 Xilinx, Inc. All Rights Reserved.

==============================================================

INFO: [SYN 201-201] Setting up clock 'default' with a period of 10ns.
INFO: [SYN 201-201] Setting up clock 'default' with an uncertainty of 0.1ns.
INFO: [HLS 200-10] Setting target device to 'xc7z007sclg225-1'
INFO: [XFORM 203-701] Set the default channel type in dataflow to FIFO.
INFO: [XFORM 203-701] Set the default channel type in dataflow to FIFO.
INFO: [HLS 200-10] Analyzing design file 'topParseEvents/src/abmofAccel.cpp' ...
INFO: [HLS 200-10] Validating synthesis directives ...
WARNING: [HLS 200-40] Directive 'INLINE' cannot be applied: Function 'readBlockColsAndMiniSADSum' does not exist in any synthesis source file.
WARNING: [HLS 200-40] Directive 'PIPELINE' cannot be applied: Label 'getXandYLoop' does not exist in function 'getXandY'.
WARNING: [HLS 200-40] Directive 'LOOP_TRIPCOUNT' cannot be applied: Label 'getXandYLoop' does not exist in function 'getXandY'.
WARNING: [HLS 200-40] Directive 'LOOP_TRIPCOUNT' cannot be applied: Label 'rwSlicesLoop' does not exist in function 'rwSlices'.
WARNING: [HLS 200-40] Directive 'PIPELINE' cannot be applied: Label 'resetLoop' does not exist in function 'rwSlices'.
WARNING: [HLS 200-40] Directive 'LOOP_TRIPCOUNT' cannot be applied: Function 'miniSADSumWrapper' does not exist in any synthesis source file.
WARNING: [HLS 200-40] Directive 'LOOP_TRIPCOUNT' cannot be applied: Label 'outputLoop' does not exist in function 'outputResult'.
WARNING: [HLS 200-40] Directive 'PIPELINE' cannot be applied: Label 'outputLoop' does not exist in function 'outputResult'.
WARNING: [HLS 200-40] Directive 'RESOURCE' for core 'FIFO_SRL' cannot be applied: Variable 'xStream' is not declared in 'parseEvents/DFRegion'.
WARNING: [HLS 200-40] Directive 'RESOURCE' for core 'FIFO_SRL' cannot be applied: Variable 'yStream' is not declared in 'parseEvents/DFRegion'.
WARNING: [HLS 200-40] Directive 'RESOURCE' for core 'FIFO_SRL' cannot be applied: Variable 'miniSumStream' is not declared in 'parseEvents/DFRegion'.
WARNING: [HLS 200-40] Directive 'STREAM' cannot be applied: Variable 'miniSumStream' is not declared in 'parseEvents/DFRegion'.
WARNING: [HLS 200-40] Directive 'PIPELINE' cannot be applied: Function 'feedbackWrapper' does not exist in any synthesis source file.
WARNING: [HLS 200-40] Directive 'RESOURCE' for core 'AddSub_DSP' cannot be applied: Variable 'tmpSum' has no assigment in 'sad/calOFDSPLoop'.
INFO: [HLS 200-111] Finished Checking Pragmas Time (s): cpu = 00:00:02 ; elapsed = 00:00:31 . Memory (MB): peak = 116.715 ; gain = 58.402
INFO: [HLS 200-111] Finished Linking Time (s): cpu = 00:00:02 ; elapsed = 00:00:35 . Memory (MB): peak = 116.750 ; gain = 58.438
INFO: [HLS 200-10] Starting code transformations ...
WARNING: [XFORM 203-503] Ignored unroll directive 'calOFLoop2' (topParseEvents/src/abmofAccel.cpp:20) in function 'sadSum(ap_int<5>*, short*)': multiple loop unroll directives in one loop, use the first one and ignore the rest.
WARNING: [XFORM 203-503] Ignored unroll directive 'readWiderBitsLoop' (topParseEvents/src/abmofAccel.cpp:215) in function 'readPixFromCol(ap_int<128>, ap_uint<8>)': multiple loop unroll directives in one loop, use the first one and ignore the rest.
WARNING: [XFORM 203-503] Ignored unroll directive 'readTwoColsWiderBitsLoop' (topParseEvents/src/abmofAccel.cpp:241) in function 'readPixFromTwoCols(ap_int<256>, ap_uint<8>)': multiple loop unroll directives in one loop, use the first one and ignore the rest.
WARNING: [XFORM 203-503] Ignored unroll directive 'writeWiderBitsLoop' (topParseEvents/src/abmofAccel.cpp:259) in function 'writePixToCol(ap_int<128>*, ap_uint<8>, ap_int<4>)': multiple loop unroll directives in one loop, use the first one and ignore the rest.
INFO: [XFORM 203-603] Inlining function 'readPixFromCol' into 'writePix' (topParseEvents/src/abmofAccel.cpp:336).
INFO: [XFORM 203-603] Inlining function 'readPixFromCol' into 'writePix' (topParseEvents/src/abmofAccel.cpp:320).
INFO: [XFORM 203-603] Inlining function 'readPixFromCol' into 'writePix' (topParseEvents/src/abmofAccel.cpp:302).
INFO: [XFORM 203-603] Inlining function 'writePixToCol' into 'writePix' (topParseEvents/src/abmofAccel.cpp:339).
INFO: [XFORM 203-603] Inlining function 'writePixToCol' into 'writePix' (topParseEvents/src/abmofAccel.cpp:323).
INFO: [XFORM 203-603] Inlining function 'writePixToCol' into 'writePix' (topParseEvents/src/abmofAccel.cpp:307).
INFO: [XFORM 203-603] Inlining function 'writePix' into 'rwSlices' (topParseEvents/src/abmofAccel.cpp:770).
INFO: [XFORM 203-603] Inlining function 'resetPix' into 'rwSlices' (topParseEvents/src/abmofAccel.cpp:826).
INFO: [XFORM 203-603] Inlining function 'resetPix' into 'rwSlices' (topParseEvents/src/abmofAccel.cpp:824).
INFO: [XFORM 203-603] Inlining function 'resetPix' into 'rwSlices' (topParseEvents/src/abmofAccel.cpp:772).
INFO: [XFORM 203-603] Inlining function 'readPixFromTwoCols' into 'readBlockColsScale2' (topParseEvents/src/abmofAccel.cpp:458).
INFO: [XFORM 203-603] Inlining function 'readPixFromTwoCols' into 'readBlockColsScale2' (topParseEvents/src/abmofAccel.cpp:457).
INFO: [XFORM 203-603] Inlining function 'readPixFromTwoCols' into 'readBlockColsScale1' (topParseEvents/src/abmofAccel.cpp:419).
INFO: [XFORM 203-603] Inlining function 'readPixFromTwoCols' into 'readBlockColsScale1' (topParseEvents/src/abmofAccel.cpp:418).
INFO: [XFORM 203-603] Inlining function 'readPixFromTwoCols' into 'readBlockCols' (topParseEvents/src/abmofAccel.cpp:378).
INFO: [XFORM 203-603] Inlining function 'readPixFromTwoCols' into 'readBlockCols' (topParseEvents/src/abmofAccel.cpp:377).
INFO: [XFORM 203-603] Inlining function 'readBlockCols' into 'rwSlices' (topParseEvents/src/abmofAccel.cpp:786).
INFO: [XFORM 203-603] Inlining function 'readBlockColsScale1' into 'rwSlices' (topParseEvents/src/abmofAccel.cpp:787).
INFO: [XFORM 203-603] Inlining function 'readBlockColsScale2' into 'rwSlices' (topParseEvents/src/abmofAccel.cpp:788).
INFO: [HLS 200-111] Finished Standard Transforms Time (s): cpu = 00:00:06 ; elapsed = 00:00:40 . Memory (MB): peak = 173.422 ; gain = 115.109
INFO: [HLS 200-10] Checking synthesizability ...
WARNING: [SYNCHK 200-23] topParseEvents/src/abmofAccel.cpp:223: variable-indexed range selection may cause suboptimal QoR.
WARNING: [SYNCHK 200-24] topParseEvents/src/abmofAccel.cpp:1978: Index for bit vector operation is out of bound.
INFO: [SYNCHK 200-10] 0 error(s), 2 warning(s).
INFO: [HLS 200-111] Finished Checking Synthesizability Time (s): cpu = 00:00:10 ; elapsed = 00:00:45 . Memory (MB): peak = 194.207 ; gain = 135.895
INFO: [XFORM 203-502] Unrolling all sub-loops inside loop 'rwSlicesInnerLoop' (topParseEvents/src/abmofAccel.cpp:739) in function 'rwSlices' for pipelining.
INFO: [XFORM 203-502] Unrolling all sub-loops inside loop 'rotateSliceResetLoop' (topParseEvents/src/abmofAccel.cpp:608) in function 'rotateSlice' for pipelining.
INFO: [XFORM 203-502] Unrolling all sub-loops inside loop 'colStreamToColSum_label2' (topParseEvents/src/abmofAccel.cpp:993) in function 'colStreamToColSumScale2' for pipelining.
INFO: [XFORM 203-502] Unrolling all sub-loops inside loop 'colStreamToColSum_label2' (topParseEvents/src/abmofAccel.cpp:923) in function 'colStreamToColSumScale1' for pipelining.
INFO: [XFORM 203-502] Unrolling all sub-loops inside loop 'colStreamToColSum_label2' (topParseEvents/src/abmofAccel.cpp:853) in function 'colStreamToColSum' for pipelining.
INFO: [XFORM 203-502] Unrolling all sub-loops inside loop 'accumulateStream_label3' (topParseEvents/src/abmofAccel.cpp:1389) in function 'accumulateStreamScale2' for pipelining.
INFO: [XFORM 203-502] Unrolling all sub-loops inside loop 'accumulateStream_label3' (topParseEvents/src/abmofAccel.cpp:1284) in function 'accumulateStreamScale1' for pipelining.
INFO: [XFORM 203-502] Unrolling all sub-loops inside loop 'accumulateStream_label3' (topParseEvents/src/abmofAccel.cpp:1179) in function 'accumulateStream' for pipelining.
INFO: [XFORM 203-502] Unrolling all loops for pipelining in function 'min' (topParseEvents/src/abmofAccel.cpp:185).
INFO: [XFORM 203-502] Unrolling all loops for pipelining in function 'colZeroCnt' (topParseEvents/src/abmofAccel.cpp:109).
INFO: [XFORM 203-502] Unrolling all loops for pipelining in function 'colSADSum' (topParseEvents/src/abmofAccel.cpp:65).
INFO: [XFORM 203-502] Unrolling all loops for pipelining in function 'sad' (topParseEvents/src/abmofAccel.cpp:30).
INFO: [XFORM 203-502] Unrolling all loops for pipelining in function 'sadSum' (topParseEvents/src/abmofAccel.cpp:15).
WARNING: [XFORM 203-503] Ignored partial unroll directive for loop 'calOFLoop2' (topParseEvents/src/abmofAccel.cpp:20) because its parent loop or function is pipelined.
INFO: [XFORM 203-501] Unrolling loop 'Loop-1.1' (topParseEvents/src/abmofAccel.cpp:754) in function 'rwSlices' completely.
INFO: [XFORM 203-501] Unrolling loop 'Loop-1.1.1' (topParseEvents/src/abmofAccel.cpp:756) in function 'rwSlices' completely.
INFO: [XFORM 203-501] Unrolling loop 'readWiderBitsLoop' (topParseEvents/src/abmofAccel.cpp:215) in function 'rwSlices' completely.
INFO: [XFORM 203-501] Unrolling loop 'writeWiderBitsLoop' (topParseEvents/src/abmofAccel.cpp:259) in function 'rwSlices' completely.
INFO: [XFORM 203-501] Unrolling loop 'readRefLoop' (topParseEvents/src/abmofAccel.cpp:376) in function 'rwSlices' completely.
INFO: [XFORM 203-501] Unrolling loop 'readTwoColsWiderBitsLoop' (topParseEvents/src/abmofAccel.cpp:241) in function 'rwSlices' completely.
INFO: [XFORM 203-501] Unrolling loop 'readRefLoop' (topParseEvents/src/abmofAccel.cpp:417) in function 'rwSlices' completely.
INFO: [XFORM 203-501] Unrolling loop 'readRefLoop' (topParseEvents/src/abmofAccel.cpp:456) in function 'rwSlices' completely.
INFO: [XFORM 203-501] Unrolling loop 'Loop-1.11' (topParseEvents/src/abmofAccel.cpp:799) in function 'rwSlices' completely.
INFO: [XFORM 203-501] Unrolling loop 'Loop-1.1' (topParseEvents/src/abmofAccel.cpp:611) in function 'rotateSlice' completely.
INFO: [XFORM 203-501] Unrolling loop 'Loop-1.1.1' (topParseEvents/src/abmofAccel.cpp:1022) in function 'colStreamToColSumScale2' completely.
INFO: [XFORM 203-501] Unrolling loop 'Loop-1.1.2' (topParseEvents/src/abmofAccel.cpp:1035) in function 'colStreamToColSumScale2' completely.
INFO: [XFORM 203-501] Unrolling loop 'Loop-1.1.1' (topParseEvents/src/abmofAccel.cpp:952) in function 'colStreamToColSumScale1' completely.
INFO: [XFORM 203-501] Unrolling loop 'Loop-1.1.2' (topParseEvents/src/abmofAccel.cpp:965) in function 'colStreamToColSumScale1' completely.
INFO: [XFORM 203-501] Unrolling loop 'Loop-1.1.1' (topParseEvents/src/abmofAccel.cpp:882) in function 'colStreamToColSum' completely.
INFO: [XFORM 203-501] Unrolling loop 'Loop-1.1.2' (topParseEvents/src/abmofAccel.cpp:895) in function 'colStreamToColSum' completely.
INFO: [XFORM 203-501] Unrolling loop 'Loop-1.1.1' (topParseEvents/src/abmofAccel.cpp:1412) in function 'accumulateStreamScale2' completely.
INFO: [XFORM 203-501] Unrolling loop 'Loop-1.1.2' (topParseEvents/src/abmofAccel.cpp:1448) in function 'accumulateStreamScale2' completely.
INFO: [XFORM 203-501] Unrolling loop 'Loop-1.1.3' (topParseEvents/src/abmofAccel.cpp:1458) in function 'accumulateStreamScale2' completely.
INFO: [XFORM 203-501] Unrolling loop 'Loop-1.1.1' (topParseEvents/src/abmofAccel.cpp:1307) in function 'accumulateStreamScale1' completely.
INFO: [XFORM 203-501] Unrolling loop 'Loop-1.1.2' (topParseEvents/src/abmofAccel.cpp:1343) in function 'accumulateStreamScale1' completely.
INFO: [XFORM 203-501] Unrolling loop 'Loop-1.1.3' (topParseEvents/src/abmofAccel.cpp:1353) in function 'accumulateStreamScale1' completely.
INFO: [XFORM 203-501] Unrolling loop 'Loop-1.1.1' (topParseEvents/src/abmofAccel.cpp:1202) in function 'accumulateStream' completely.
INFO: [XFORM 203-501] Unrolling loop 'Loop-1.1.2' (topParseEvents/src/abmofAccel.cpp:1238) in function 'accumulateStream' completely.
INFO: [XFORM 203-501] Unrolling loop 'Loop-1.1.3' (topParseEvents/src/abmofAccel.cpp:1248) in function 'accumulateStream' completely.
INFO: [XFORM 203-501] Unrolling loop 'minLoop' (topParseEvents/src/abmofAccel.cpp:193) in function 'min' completely.
INFO: [XFORM 203-501] Unrolling loop 'Loop-1' (topParseEvents/src/abmofAccel.cpp:121) in function 'colZeroCnt' completely.
INFO: [XFORM 203-501] Unrolling loop 'Loop-1.1' (topParseEvents/src/abmofAccel.cpp:125) in function 'colZeroCnt' completely.
INFO: [XFORM 203-501] Unrolling loop 'Loop-2' (topParseEvents/src/abmofAccel.cpp:140) in function 'colZeroCnt' completely.
INFO: [XFORM 203-501] Unrolling loop 'Loop-2.1' (topParseEvents/src/abmofAccel.cpp:143) in function 'colZeroCnt' completely.
INFO: [XFORM 203-501] Unrolling loop 'Loop-2.2' (topParseEvents/src/abmofAccel.cpp:149) in function 'colZeroCnt' completely.
INFO: [XFORM 203-501] Unrolling loop 'Loop-3' (topParseEvents/src/abmofAccel.cpp:161) in function 'colZeroCnt' completely.
INFO: [XFORM 203-501] Unrolling loop 'Loop-3.1' (topParseEvents/src/abmofAccel.cpp:164) in function 'colZeroCnt' completely.
INFO: [XFORM 203-501] Unrolling loop 'colSADSumLoop' (topParseEvents/src/abmofAccel.cpp:89) in function 'colSADSum' completely.
INFO: [XFORM 203-501] Unrolling loop 'colSADSumInnerLoop' (topParseEvents/src/abmofAccel.cpp:95) in function 'colSADSum' completely.
INFO: [XFORM 203-501] Unrolling loop 'calOFDSPLoop' (topParseEvents/src/abmofAccel.cpp:47) in function 'sad' completely.
INFO: [XFORM 203-501] Unrolling loop 'calOFNoDSPLoop' (topParseEvents/src/abmofAccel.cpp:54) in function 'sad' completely.
INFO: [XFORM 203-501] Unrolling loop 'calOFLoop2' (topParseEvents/src/abmofAccel.cpp:20) in function 'sadSum' completely.
INFO: [XFORM 203-102] Partitioning array 'sum.V' (topParseEvents/src/abmofAccel.cpp:35) automatically.
WARNING: [XFORM 203-105] Cannot partition array 'glPLSlicesScale2.V' : incorrect partition factor 1.
WARNING: [XFORM 203-105] Cannot partition array 'glPLSlicesScale1.V' : incorrect partition factor 1.
WARNING: [XFORM 203-105] Cannot partition array 'glPLSlices.V' : incorrect partition factor 1.
INFO: [XFORM 203-131] Reshaping array 'out1'  in dimension 1 completely.
INFO: [XFORM 203-131] Reshaping array 'out2'  in dimension 1 completely.
INFO: [XFORM 203-131] Reshaping array 'out2Scale1'  in dimension 1 completely.
INFO: [XFORM 203-131] Reshaping array 'out1Scale1'  in dimension 1 completely.
INFO: [XFORM 203-131] Reshaping array 'out2Scale2'  in dimension 1 completely.
INFO: [XFORM 203-131] Reshaping array 'out1Scale2'  in dimension 1 completely.
INFO: [XFORM 203-131] Reshaping array 'lastSumDataScale2.V'  in dimension 1 completely.
INFO: [XFORM 203-131] Reshaping array 'inputData' (topParseEvents/src/abmofAccel.cpp:1396) in dimension 1 completely.
INFO: [XFORM 203-131] Reshaping array 'lastSumDataScale1.V'  in dimension 1 completely.
INFO: [XFORM 203-131] Reshaping array 'inputData' (topParseEvents/src/abmofAccel.cpp:1291) in dimension 1 completely.
INFO: [XFORM 203-131] Reshaping array 'lastSumData.V'  in dimension 1 completely.
INFO: [XFORM 203-131] Reshaping array 'inputData' (topParseEvents/src/abmofAccel.cpp:1186) in dimension 1 completely.
INFO: [XFORM 203-101] Partitioning array 'glPLSlicesScale2.V'  in dimension 1 completely.
INFO: [XFORM 203-101] Partitioning array 'glPLSlicesScale1.V'  in dimension 1 completely.
INFO: [XFORM 203-101] Partitioning array 'glPLSlices.V'  in dimension 1 completely.
INFO: [XFORM 203-101] Partitioning array 'areaEventRegs'  in dimension 2 completely.
INFO: [XFORM 203-101] Partitioning array 'refTagValidPixCnt'  in dimension 1 completely.
INFO: [XFORM 203-101] Partitioning array 'refTagValidPixCnt'  in dimension 1 completely.
INFO: [XFORM 203-101] Partitioning array 'refTagValidPixCnt'  in dimension 1 completely.
INFO: [XFORM 203-101] Partitioning array 'tagColValidCnt'  in dimension 1 completely.
INFO: [XFORM 203-101] Partitioning array 'tagColValidCnt'  in dimension 1 completely.
INFO: [XFORM 203-101] Partitioning array 'tagColValidCnt'  in dimension 1 completely.
INFO: [XFORM 203-101] Partitioning array 'in2.V' (topParseEvents/src/abmofAccel.cpp:1014) in dimension 1 completely.
INFO: [XFORM 203-101] Partitioning array 'in2.V' (topParseEvents/src/abmofAccel.cpp:944) in dimension 1 completely.
INFO: [XFORM 203-101] Partitioning array 'in2.V' (topParseEvents/src/abmofAccel.cpp:874) in dimension 1 completely.
INFO: [XFORM 203-101] Partitioning array 'in1.V' (topParseEvents/src/abmofAccel.cpp:1013) in dimension 1 completely.
INFO: [XFORM 203-101] Partitioning array 'in1.V' (topParseEvents/src/abmofAccel.cpp:943) in dimension 1 completely.
INFO: [XFORM 203-101] Partitioning array 'in1.V' (topParseEvents/src/abmofAccel.cpp:873) in dimension 1 completely.
INFO: [XFORM 203-101] Partitioning array 'out'  in dimension 1 completely.
INFO: [XFORM 203-101] Partitioning array 'out'  in dimension 1 completely.
INFO: [XFORM 203-101] Partitioning array 'out'  in dimension 1 completely.
INFO: [XFORM 203-101] Partitioning array 'input2.V' (topParseEvents/src/abmofAccel.cpp:90) in dimension 1 completely.
INFO: [XFORM 203-101] Partitioning array 'input1.V' (topParseEvents/src/abmofAccel.cpp:90) in dimension 1 completely.
INFO: [XFORM 203-712] Applying dataflow to function 'EVABMOFStream', detected/extracted 14 process function(s): 
	 'Block__proc'
	 'truncateStream'
	 'rotateSlice'
	 'rwSlices'
	 'colStreamToColSum'
	 'accumulateStream'
	 'findStreamMin'
	 'colStreamToColSumScale1'
	 'accumulateStreamScale1'
	 'findStreamMinScale1'
	 'colStreamToColSumScale2'
	 'accumulateStreamScale2'
	 'findStreamMinScale2'
	 'feedbackAndCombineOutputStream'.
INFO: [XFORM 203-401] Performing if-conversion on hyperblock from (topParseEvents/src/abmofAccel.cpp:1569:25) to (topParseEvents/src/abmofAccel.cpp:1577:3) in function 'findStreamMinScale2'... converting 3 basic blocks.
INFO: [XFORM 203-401] Performing if-conversion on hyperblock from (topParseEvents/src/abmofAccel.cpp:1534:25) to (topParseEvents/src/abmofAccel.cpp:1542:3) in function 'findStreamMinScale1'... converting 3 basic blocks.
INFO: [XFORM 203-401] Performing if-conversion on hyperblock from (topParseEvents/src/abmofAccel.cpp:1498:25) to (topParseEvents/src/abmofAccel.cpp:1506:3) in function 'findStreamMin'... converting 3 basic blocks.
INFO: [XFORM 203-11] Balancing expressions in function 'sadSum' (topParseEvents/src/abmofAccel.cpp:15)...7 expression(s) balanced.
INFO: [XFORM 203-11] Balancing expressions in function 'colZeroCnt' (topParseEvents/src/abmofAccel.cpp:109)...159 expression(s) balanced.
INFO: [HLS 200-111] Finished Pre-synthesis Time (s): cpu = 00:01:19 ; elapsed = 00:01:54 . Memory (MB): peak = 255.145 ; gain = 196.832
INFO: [XFORM 203-541] Flattening a loop nest 'feedbackReadOFLoop' (topParseEvents/src/abmofAccel.cpp:1609:4) in function 'feedback'.
INFO: [XFORM 203-541] Flattening a loop nest 'colStreamToColSum_label1' (topParseEvents/src/abmofAccel.cpp:991:3) in function 'colStreamToColSumScale2'.
INFO: [XFORM 203-541] Flattening a loop nest 'colStreamToColSum_label1' (topParseEvents/src/abmofAccel.cpp:921:3) in function 'colStreamToColSumScale1'.
INFO: [XFORM 203-541] Flattening a loop nest 'colStreamToColSum_label1' (topParseEvents/src/abmofAccel.cpp:851:3) in function 'colStreamToColSum'.
INFO: [XFORM 203-541] Flattening a loop nest 'Loop-1' (topParseEvents/src/abmofAccel.cpp:1386:15) in function 'accumulateStreamScale2'.
INFO: [XFORM 203-541] Flattening a loop nest 'Loop-1' (topParseEvents/src/abmofAccel.cpp:1281:15) in function 'accumulateStreamScale1'.
INFO: [XFORM 203-541] Flattening a loop nest 'Loop-1' (topParseEvents/src/abmofAccel.cpp:1176:15) in function 'accumulateStream'.
WARNING: [XFORM 203-631] Renaming function 'feedbackAndCombineOutputStream' to 'feedbackAndCombineOu' (topParseEvents/src/abmofAccel.cpp:1969:52)
WARNING: [XFORM 203-631] Renaming function 'colStreamToColSumScale2' to 'colStreamToColSumSca' (topParseEvents/src/abmofAccel.cpp:986:5)
WARNING: [XFORM 203-631] Renaming function 'colStreamToColSumScale1' to 'colStreamToColSumSca.1' (topParseEvents/src/abmofAccel.cpp:916:5)
WARNING: [XFORM 203-631] Renaming function 'accumulateStreamScale2' to 'accumulateStreamScal' (topParseEvents/src/abmofAccel.cpp:1386:49)
WARNING: [XFORM 203-631] Renaming function 'accumulateStreamScale1' to 'accumulateStreamScal.1' (topParseEvents/src/abmofAccel.cpp:1281:49)
INFO: [XFORM 203-531] Rewinding loop 'rwSlicesInnerLoop' (topParseEvents/src/abmofAccel.cpp:739) in function 'rwSlices'.
WARNING: [ANALYSIS 214-52] Found false inter dependency for variable 'glPLSlicesScale2.V.0'.
WARNING: [ANALYSIS 214-52] Found false inter dependency for variable 'glPLSlicesScale2.V.1'.
WARNING: [ANALYSIS 214-52] Found false inter dependency for variable 'glPLSlicesScale2.V.2'.
WARNING: [ANALYSIS 214-52] Found false inter dependency for variable 'glPLSlicesScale2.V.3'.
WARNING: [ANALYSIS 214-52] Found false inter dependency for variable 'glPLSlicesScale1.V.1'.
WARNING: [ANALYSIS 214-52] Found false inter dependency for variable 'glPLSlicesScale1.V.3'.
WARNING: [ANALYSIS 214-52] Found false inter dependency for variable 'glPLSlicesScale1.V.2'.
WARNING: [ANALYSIS 214-52] Found false inter dependency for variable 'glPLSlicesScale1.V.0'.
WARNING: [ANALYSIS 214-52] Found false inter dependency for variable 'glPLSlices.V.3'.
WARNING: [ANALYSIS 214-52] Found false inter dependency for variable 'glPLSlices.V.1'.
WARNING: [ANALYSIS 214-52] Found false inter dependency for variable 'glPLSlices.V.2'.
WARNING: [ANALYSIS 214-52] Found false inter dependency for variable 'glPLSlices.V.0'.
INFO: [XFORM 203-531] Rewinding loop 'colStreamToColSum_label1_colStreamToColSum_label2' in function 'colStreamToColSumSca.1'.
INFO: [XFORM 203-531] Rewinding loop 'colStreamToColSum_label1_colStreamToColSum_label2' in function 'colStreamToColSumSca'.
INFO: [XFORM 203-531] Rewinding loop 'colStreamToColSum_label1_colStreamToColSum_label2' in function 'colStreamToColSum'.
INFO: [XFORM 203-531] Rewinding loop 'L_accumulateStream_label3' in function 'accumulateStreamScal.1'.
INFO: [XFORM 203-531] Rewinding loop 'L_accumulateStream_label3' in function 'accumulateStreamScal'.
INFO: [XFORM 203-531] Rewinding loop 'L_accumulateStream_label3' in function 'accumulateStream'.
INFO: [HLS 200-111] Finished Architecture Synthesis Time (s): cpu = 00:01:34 ; elapsed = 00:02:10 . Memory (MB): peak = 462.230 ; gain = 403.918
INFO: [HLS 200-10] Starting hardware synthesis ...
INFO: [HLS 200-10] Synthesizing 'EVABMOFStream' ...
WARNING: [SYN 201-103] Legalizing function name 'Block__proc' to 'Block_proc'.
WARNING: [SYN 201-103] Legalizing function name 'colStreamToColSumSca.1' to 'colStreamToColSumSca_1'.
WARNING: [SYN 201-103] Legalizing function name 'accumulateStreamScal.1' to 'accumulateStreamScal_1'.
INFO: [HLS 200-10] ----------------------------------------------------------------
INFO: [HLS 200-42] -- Implementing module 'Block_proc'
INFO: [HLS 200-10] ----------------------------------------------------------------
INFO: [SCHED 204-11] Starting scheduling ...
INFO: [SCHED 204-11] Finished scheduling.
INFO: [HLS 200-111]  Elapsed time: 130.588 seconds; current allocated memory: 390.157 MB.
INFO: [BIND 205-100] Starting micro-architecture generation ...
INFO: [BIND 205-101] Performing variable lifetime analysis.
INFO: [BIND 205-101] Exploring resource sharing.
INFO: [BIND 205-101] Binding ...
INFO: [BIND 205-100] Finished micro-architecture generation.
INFO: [HLS 200-111]  Elapsed time: 0.157 seconds; current allocated memory: 390.215 MB.
INFO: [HLS 200-10] ----------------------------------------------------------------
INFO: [HLS 200-42] -- Implementing module 'truncateStream'
INFO: [HLS 200-10] ----------------------------------------------------------------
INFO: [SCHED 204-11] Starting scheduling ...
INFO: [SCHED 204-61] Pipelining function 'truncateStream'.
INFO: [SCHED 204-61] Pipelining result : Target II = 1, Final II = 1, Depth = 2.
INFO: [SCHED 204-11] Finished scheduling.
INFO: [HLS 200-111]  Elapsed time: 0.174 seconds; current allocated memory: 390.300 MB.
INFO: [BIND 205-100] Starting micro-architecture generation ...
INFO: [BIND 205-101] Performing variable lifetime analysis.
INFO: [BIND 205-101] Exploring resource sharing.
INFO: [BIND 205-101] Binding ...
INFO: [BIND 205-100] Finished micro-architecture generation.
INFO: [HLS 200-111]  Elapsed time: 0.172 seconds; current allocated memory: 390.418 MB.
INFO: [HLS 200-10] ----------------------------------------------------------------
INFO: [HLS 200-42] -- Implementing module 'rotateSlice'
INFO: [HLS 200-10] ----------------------------------------------------------------
INFO: [SCHED 204-11] Starting scheduling ...
INFO: [SCHED 204-61] Pipelining loop 'rotateSliceResetLoop'.
INFO: [SCHED 204-61] Pipelining result : Target II = 1, Final II = 1, Depth = 1.
INFO: [SCHED 204-11] Finished scheduling.
INFO: [HLS 200-111]  Elapsed time: 0.373 seconds; current allocated memory: 390.769 MB.
INFO: [BIND 205-100] Starting micro-architecture generation ...
INFO: [BIND 205-101] Performing variable lifetime analysis.
INFO: [BIND 205-101] Exploring resource sharing.
INFO: [BIND 205-101] Binding ...
INFO: [BIND 205-100] Finished micro-architecture generation.
INFO: [HLS 200-111]  Elapsed time: 0.265 seconds; current allocated memory: 391.157 MB.
INFO: [HLS 200-10] ----------------------------------------------------------------
INFO: [HLS 200-42] -- Implementing module 'rwSlices'
INFO: [HLS 200-10] ----------------------------------------------------------------
INFO: [SCHED 204-11] Starting scheduling ...
INFO: [SCHED 204-61] Pipelining loop 'rwSlicesInnerLoop'.
INFO: [SCHED 204-61] Discarding stage scheduling solution.
INFO: [SCHED 204-61] Pipelining result : Target II = 1, Final II = 1, Depth = 5.
INFO: [SCHED 204-11] Finished scheduling.
INFO: [HLS 200-111]  Elapsed time: 1.333 seconds; current allocated memory: 394.244 MB.
INFO: [BIND 205-100] Starting micro-architecture generation ...
INFO: [BIND 205-101] Performing variable lifetime analysis.
INFO: [BIND 205-101] Exploring resource sharing.
INFO: [BIND 205-101] Binding ...
INFO: [BIND 205-100] Finished micro-architecture generation.
INFO: [HLS 200-111]  Elapsed time: 1.448 seconds; current allocated memory: 398.113 MB.
INFO: [HLS 200-10] ----------------------------------------------------------------
INFO: [HLS 200-42] -- Implementing module 'sadSum'
INFO: [HLS 200-10] ----------------------------------------------------------------
INFO: [SCHED 204-11] Starting scheduling ...
INFO: [SCHED 204-61] Pipelining function 'sadSum'.
INFO: [SCHED 204-61] Pipelining result : Target II = 1, Final II = 1, Depth = 2.
INFO: [SCHED 204-11] Finished scheduling.
INFO: [HLS 200-111]  Elapsed time: 1.391 seconds; current allocated memory: 398.474 MB.
INFO: [BIND 205-100] Starting micro-architecture generation ...
INFO: [BIND 205-101] Performing variable lifetime analysis.
INFO: [BIND 205-101] Exploring resource sharing.
INFO: [BIND 205-101] Binding ...
INFO: [BIND 205-100] Finished micro-architecture generation.
INFO: [HLS 200-111]  Elapsed time: 0.667 seconds; current allocated memory: 398.686 MB.
INFO: [HLS 200-10] ----------------------------------------------------------------
INFO: [HLS 200-42] -- Implementing module 'sad'
INFO: [HLS 200-10] ----------------------------------------------------------------
INFO: [SCHED 204-11] Starting scheduling ...
INFO: [SCHED 204-61] Pipelining function 'sad'.
INFO: [SCHED 204-61] Pipelining result : Target II = 1, Final II = 1, Depth = 3.
INFO: [SCHED 204-11] Finished scheduling.
INFO: [HLS 200-111]  Elapsed time: 0.258 seconds; current allocated memory: 398.898 MB.
INFO: [BIND 205-100] Starting micro-architecture generation ...
INFO: [BIND 205-101] Performing variable lifetime analysis.
INFO: [BIND 205-101] Exploring resource sharing.
INFO: [BIND 205-101] Binding ...
INFO: [BIND 205-100] Finished micro-architecture generation.
INFO: [HLS 200-111]  Elapsed time: 0.197 seconds; current allocated memory: 399.135 MB.
INFO: [HLS 200-10] ----------------------------------------------------------------
INFO: [HLS 200-42] -- Implementing module 'colSADSum'
INFO: [HLS 200-10] ----------------------------------------------------------------
INFO: [SCHED 204-11] Starting scheduling ...
INFO: [SCHED 204-61] Pipelining function 'colSADSum'.
INFO: [SCHED 204-61] Pipelining result : Target II = 1, Final II = 1, Depth = 4.
INFO: [SCHED 204-11] Finished scheduling.
INFO: [HLS 200-111]  Elapsed time: 0.198 seconds; current allocated memory: 399.356 MB.
INFO: [BIND 205-100] Starting micro-architecture generation ...
INFO: [BIND 205-101] Performing variable lifetime analysis.
INFO: [BIND 205-101] Exploring resource sharing.
INFO: [BIND 205-101] Binding ...
INFO: [BIND 205-100] Finished micro-architecture generation.
INFO: [HLS 200-111]  Elapsed time: 0.313 seconds; current allocated memory: 399.990 MB.
INFO: [HLS 200-10] ----------------------------------------------------------------
INFO: [HLS 200-42] -- Implementing module 'colZeroCnt'
INFO: [HLS 200-10] ----------------------------------------------------------------
INFO: [SCHED 204-11] Starting scheduling ...
INFO: [SCHED 204-61] Pipelining function 'colZeroCnt'.
INFO: [SCHED 204-61] Pipelining result : Target II = 1, Final II = 1, Depth = 3.
INFO: [SCHED 204-11] Finished scheduling.
INFO: [HLS 200-111]  Elapsed time: 0.859 seconds; current allocated memory: 401.579 MB.
INFO: [BIND 205-100] Starting micro-architecture generation ...
INFO: [BIND 205-101] Performing variable lifetime analysis.
INFO: [BIND 205-101] Exploring resource sharing.
INFO: [BIND 205-101] Binding ...
INFO: [BIND 205-100] Finished micro-architecture generation.
INFO: [HLS 200-111]  Elapsed time: 1.083 seconds; current allocated memory: 403.106 MB.
INFO: [HLS 200-10] ----------------------------------------------------------------
INFO: [HLS 200-42] -- Implementing module 'colStreamToColSum'
INFO: [HLS 200-10] ----------------------------------------------------------------
INFO: [SCHED 204-11] Starting scheduling ...
INFO: [SCHED 204-61] Pipelining loop 'colStreamToColSum_label1_colStreamToColSum_label2'.
INFO: [SCHED 204-61] Pipelining result : Target II = 1, Final II = 1, Depth = 8.
INFO: [SCHED 204-11] Finished scheduling.
INFO: [HLS 200-111]  Elapsed time: 0.981 seconds; current allocated memory: 403.815 MB.
INFO: [BIND 205-100] Starting micro-architecture generation ...
INFO: [BIND 205-101] Performing variable lifetime analysis.
INFO: [BIND 205-101] Exploring resource sharing.
WARNING: [BIND 205-102] The specified resource core for memory 'colData0_V' will be ignored if a simpler one can be used.
WARNING: [BIND 205-102] The specified resource core for memory 'colData1_V' will be ignored if a simpler one can be used.
INFO: [BIND 205-101] Binding ...
INFO: [BIND 205-100] Finished micro-architecture generation.
INFO: [HLS 200-111]  Elapsed time: 0.825 seconds; current allocated memory: 405.030 MB.
INFO: [HLS 200-10] ----------------------------------------------------------------
INFO: [HLS 200-42] -- Implementing module 'min'
INFO: [HLS 200-10] ----------------------------------------------------------------
INFO: [SCHED 204-11] Starting scheduling ...
INFO: [SCHED 204-61] Pipelining function 'min'.
INFO: [SCHED 204-61] Pipelining result : Target II = 1, Final II = 1, Depth = 2.
INFO: [SCHED 204-11] Finished scheduling.
INFO: [HLS 200-111]  Elapsed time: 0.809 seconds; current allocated memory: 405.642 MB.
INFO: [BIND 205-100] Starting micro-architecture generation ...
INFO: [BIND 205-101] Performing variable lifetime analysis.
INFO: [BIND 205-101] Exploring resource sharing.
INFO: [BIND 205-101] Binding ...
INFO: [BIND 205-100] Finished micro-architecture generation.
INFO: [HLS 200-111]  Elapsed time: 0.201 seconds; current allocated memory: 405.776 MB.
INFO: [HLS 200-10] ----------------------------------------------------------------
INFO: [HLS 200-42] -- Implementing module 'accumulateStream'
INFO: [HLS 200-10] ----------------------------------------------------------------
INFO: [SCHED 204-11] Starting scheduling ...
INFO: [SCHED 204-61] Pipelining loop 'L_accumulateStream_label3'.
INFO: [SCHED 204-61] Pipelining result : Target II = 1, Final II = 1, Depth = 4.
INFO: [SCHED 204-11] Finished scheduling.
INFO: [HLS 200-111]  Elapsed time: 0.44 seconds; current allocated memory: 406.498 MB.
INFO: [BIND 205-100] Starting micro-architecture generation ...
INFO: [BIND 205-101] Performing variable lifetime analysis.
INFO: [BIND 205-101] Exploring resource sharing.
INFO: [BIND 205-101] Binding ...
INFO: [BIND 205-100] Finished micro-architecture generation.
INFO: [HLS 200-111]  Elapsed time: 0.482 seconds; current allocated memory: 407.314 MB.
INFO: [HLS 200-10] ----------------------------------------------------------------
INFO: [HLS 200-42] -- Implementing module 'findStreamMin'
INFO: [HLS 200-10] ----------------------------------------------------------------
INFO: [SCHED 204-11] Starting scheduling ...
INFO: [SCHED 204-11] Finished scheduling.
INFO: [HLS 200-111]  Elapsed time: 0.554 seconds; current allocated memory: 407.581 MB.
INFO: [BIND 205-100] Starting micro-architecture generation ...
INFO: [BIND 205-101] Performing variable lifetime analysis.
INFO: [BIND 205-101] Exploring resource sharing.
INFO: [BIND 205-101] Binding ...
INFO: [BIND 205-100] Finished micro-architecture generation.
INFO: [HLS 200-111]  Elapsed time: 0.246 seconds; current allocated memory: 407.716 MB.
INFO: [HLS 200-10] ----------------------------------------------------------------
INFO: [HLS 200-42] -- Implementing module 'colStreamToColSumSca_1'
INFO: [HLS 200-10] ----------------------------------------------------------------
INFO: [SCHED 204-11] Starting scheduling ...
INFO: [SCHED 204-61] Pipelining loop 'colStreamToColSum_label1_colStreamToColSum_label2'.
INFO: [SCHED 204-61] Pipelining result : Target II = 1, Final II = 1, Depth = 8.
INFO: [SCHED 204-11] Finished scheduling.
INFO: [HLS 200-111]  Elapsed time: 0.432 seconds; current allocated memory: 408.161 MB.
INFO: [BIND 205-100] Starting micro-architecture generation ...
INFO: [BIND 205-101] Performing variable lifetime analysis.
INFO: [BIND 205-101] Exploring resource sharing.
WARNING: [BIND 205-102] The specified resource core for memory 'colData0_V' will be ignored if a simpler one can be used.
WARNING: [BIND 205-102] The specified resource core for memory 'colData1_V' will be ignored if a simpler one can be used.
INFO: [BIND 205-101] Binding ...
INFO: [BIND 205-100] Finished micro-architecture generation.
INFO: [HLS 200-111]  Elapsed time: 0.888 seconds; current allocated memory: 409.333 MB.
INFO: [HLS 200-10] ----------------------------------------------------------------
INFO: [HLS 200-42] -- Implementing module 'accumulateStreamScal_1'
INFO: [HLS 200-10] ----------------------------------------------------------------
INFO: [SCHED 204-11] Starting scheduling ...
INFO: [SCHED 204-61] Pipelining loop 'L_accumulateStream_label3'.
INFO: [SCHED 204-61] Pipelining result : Target II = 1, Final II = 1, Depth = 4.
INFO: [SCHED 204-11] Finished scheduling.
INFO: [HLS 200-111]  Elapsed time: 1.008 seconds; current allocated memory: 410.565 MB.
INFO: [BIND 205-100] Starting micro-architecture generation ...
INFO: [BIND 205-101] Performing variable lifetime analysis.
INFO: [BIND 205-101] Exploring resource sharing.
INFO: [BIND 205-101] Binding ...
INFO: [BIND 205-100] Finished micro-architecture generation.
INFO: [HLS 200-111]  Elapsed time: 0.397 seconds; current allocated memory: 411.363 MB.
INFO: [HLS 200-10] ----------------------------------------------------------------
INFO: [HLS 200-42] -- Implementing module 'findStreamMinScale1'
INFO: [HLS 200-10] ----------------------------------------------------------------
INFO: [SCHED 204-11] Starting scheduling ...
INFO: [SCHED 204-11] Finished scheduling.
INFO: [HLS 200-111]  Elapsed time: 0.5 seconds; current allocated memory: 411.617 MB.
INFO: [BIND 205-100] Starting micro-architecture generation ...
INFO: [BIND 205-101] Performing variable lifetime analysis.
INFO: [BIND 205-101] Exploring resource sharing.
INFO: [BIND 205-101] Binding ...
INFO: [BIND 205-100] Finished micro-architecture generation.
INFO: [HLS 200-111]  Elapsed time: 0.207 seconds; current allocated memory: 411.751 MB.
INFO: [HLS 200-10] ----------------------------------------------------------------
INFO: [HLS 200-42] -- Implementing module 'colStreamToColSumSca'
INFO: [HLS 200-10] ----------------------------------------------------------------
INFO: [SCHED 204-11] Starting scheduling ...
INFO: [SCHED 204-61] Pipelining loop 'colStreamToColSum_label1_colStreamToColSum_label2'.
INFO: [SCHED 204-61] Pipelining result : Target II = 1, Final II = 1, Depth = 8.
INFO: [SCHED 204-11] Finished scheduling.
INFO: [HLS 200-111]  Elapsed time: 0.403 seconds; current allocated memory: 412.176 MB.
INFO: [BIND 205-100] Starting micro-architecture generation ...
INFO: [BIND 205-101] Performing variable lifetime analysis.
INFO: [BIND 205-101] Exploring resource sharing.
WARNING: [BIND 205-102] The specified resource core for memory 'colData0_V' will be ignored if a simpler one can be used.
WARNING: [BIND 205-102] The specified resource core for memory 'colData1_V' will be ignored if a simpler one can be used.
INFO: [BIND 205-101] Binding ...
INFO: [BIND 205-100] Finished micro-architecture generation.
INFO: [HLS 200-111]  Elapsed time: 0.81 seconds; current allocated memory: 413.369 MB.
INFO: [HLS 200-10] ----------------------------------------------------------------
INFO: [HLS 200-42] -- Implementing module 'accumulateStreamScal'
INFO: [HLS 200-10] ----------------------------------------------------------------
INFO: [SCHED 204-11] Starting scheduling ...
INFO: [SCHED 204-61] Pipelining loop 'L_accumulateStream_label3'.
INFO: [SCHED 204-61] Pipelining result : Target II = 1, Final II = 1, Depth = 4.
INFO: [SCHED 204-11] Finished scheduling.
INFO: [HLS 200-111]  Elapsed time: 1.006 seconds; current allocated memory: 414.584 MB.
INFO: [BIND 205-100] Starting micro-architecture generation ...
INFO: [BIND 205-101] Performing variable lifetime analysis.
INFO: [BIND 205-101] Exploring resource sharing.
INFO: [BIND 205-101] Binding ...
INFO: [BIND 205-100] Finished micro-architecture generation.
INFO: [HLS 200-111]  Elapsed time: 0.472 seconds; current allocated memory: 415.383 MB.
INFO: [HLS 200-10] ----------------------------------------------------------------
INFO: [HLS 200-42] -- Implementing module 'findStreamMinScale2'
INFO: [HLS 200-10] ----------------------------------------------------------------
INFO: [SCHED 204-11] Starting scheduling ...
INFO: [SCHED 204-11] Finished scheduling.
INFO: [HLS 200-111]  Elapsed time: 0.474 seconds; current allocated memory: 415.652 MB.
INFO: [BIND 205-100] Starting micro-architecture generation ...
INFO: [BIND 205-101] Performing variable lifetime analysis.
INFO: [BIND 205-101] Exploring resource sharing.
INFO: [BIND 205-101] Binding ...
INFO: [BIND 205-100] Finished micro-architecture generation.
INFO: [HLS 200-111]  Elapsed time: 0.197 seconds; current allocated memory: 415.787 MB.
INFO: [HLS 200-10] ----------------------------------------------------------------
INFO: [HLS 200-42] -- Implementing module 'feedback'
INFO: [HLS 200-10] ----------------------------------------------------------------
INFO: [SCHED 204-11] Starting scheduling ...
INFO: [SCHED 204-61] Pipelining loop 'feedbackReadOFLoop_feedbackReadOFInnerLoop'.
INFO: [SCHED 204-61] Pipelining result : Target II = 1, Final II = 1, Depth = 2.
INFO: [SCHED 204-11] Finished scheduling.
INFO: [HLS 200-111]  Elapsed time: 0.251 seconds; current allocated memory: 416.120 MB.
INFO: [BIND 205-100] Starting micro-architecture generation ...
INFO: [BIND 205-101] Performing variable lifetime analysis.
INFO: [BIND 205-101] Exploring resource sharing.
INFO: [BIND 205-101] Binding ...
INFO: [BIND 205-100] Finished micro-architecture generation.
INFO: [HLS 200-111]  Elapsed time: 0.268 seconds; current allocated memory: 416.435 MB.
INFO: [HLS 200-10] ----------------------------------------------------------------
INFO: [HLS 200-42] -- Implementing module 'feedbackAndCombineOu'
INFO: [HLS 200-10] ----------------------------------------------------------------
INFO: [SCHED 204-11] Starting scheduling ...
INFO: [SCHED 204-11] Finished scheduling.
INFO: [HLS 200-111]  Elapsed time: 0.372 seconds; current allocated memory: 416.600 MB.
INFO: [BIND 205-100] Starting micro-architecture generation ...
INFO: [BIND 205-101] Performing variable lifetime analysis.
INFO: [BIND 205-101] Exploring resource sharing.
INFO: [BIND 205-101] Binding ...
INFO: [BIND 205-100] Finished micro-architecture generation.
INFO: [HLS 200-111]  Elapsed time: 0.284 seconds; current allocated memory: 416.882 MB.
INFO: [HLS 200-10] ----------------------------------------------------------------
INFO: [HLS 200-42] -- Implementing module 'EVABMOFStream'
INFO: [HLS 200-10] ----------------------------------------------------------------
INFO: [SCHED 204-11] Starting scheduling ...
INFO: [SCHED 204-11] Finished scheduling.
INFO: [HLS 200-111]  Elapsed time: 0.32 seconds; current allocated memory: 417.214 MB.
INFO: [BIND 205-100] Starting micro-architecture generation ...
INFO: [BIND 205-101] Performing variable lifetime analysis.
INFO: [BIND 205-101] Exploring resource sharing.
INFO: [BIND 205-101] Binding ...
INFO: [BIND 205-100] Finished micro-architecture generation.
INFO: [HLS 200-111]  Elapsed time: 6.126 seconds; current allocated memory: 423.710 MB.
INFO: [HLS 200-10] ----------------------------------------------------------------
INFO: [HLS 200-10] -- Generating RTL for module 'Block_proc'
INFO: [HLS 200-10] ----------------------------------------------------------------
INFO: [RTGEN 206-100] Finished creating RTL model for 'Block_proc'.
INFO: [HLS 200-111]  Elapsed time: 2.453 seconds; current allocated memory: 425.830 MB.
INFO: [HLS 200-10] ----------------------------------------------------------------
INFO: [HLS 200-10] -- Generating RTL for module 'truncateStream'
INFO: [HLS 200-10] ----------------------------------------------------------------
INFO: [RTGEN 206-100] Finished creating RTL model for 'truncateStream'.
INFO: [HLS 200-111]  Elapsed time: 0.192 seconds; current allocated memory: 426.367 MB.
INFO: [HLS 200-10] ----------------------------------------------------------------
INFO: [HLS 200-10] -- Generating RTL for module 'rotateSlice'
INFO: [HLS 200-10] ----------------------------------------------------------------
INFO: [SYN 201-210] Renamed object name 'rotateSlice_areaEventRegs_0' to 'rotateSlice_areaEbkb' due to the length limit 20
INFO: [SYN 201-210] Renamed object name 'rotateSlice_areaEventRegs_1' to 'rotateSlice_areaEcud' due to the length limit 20
INFO: [SYN 201-210] Renamed object name 'rotateSlice_areaEventRegs_2' to 'rotateSlice_areaEdEe' due to the length limit 20
INFO: [SYN 201-210] Renamed object name 'rotateSlice_areaEventRegs_3' to 'rotateSlice_areaEeOg' due to the length limit 20
INFO: [SYN 201-210] Renamed object name 'rotateSlice_areaEventRegs_4' to 'rotateSlice_areaEfYi' due to the length limit 20
INFO: [SYN 201-210] Renamed object name 'rotateSlice_areaEventRegs_5' to 'rotateSlice_areaEg8j' due to the length limit 20
INFO: [SYN 201-210] Renamed object name 'rotateSlice_areaEventRegs_6' to 'rotateSlice_areaEhbi' due to the length limit 20
INFO: [SYN 201-210] Renamed object name 'rotateSlice_areaEventRegs_7' to 'rotateSlice_areaEibs' due to the length limit 20
WARNING: [RTGEN 206-101] Register 'glPLActiveSliceIdx_V' is power-on initialization.
WARNING: [RTGEN 206-101] Register 'currentTsHW' is power-on initialization.
WARNING: [RTGEN 206-101] Register 'lastTsHW' is power-on initialization.
INFO: [SYN 201-210] Renamed object name 'EVABMOFStream_mux_83_16_1_1' to 'EVABMOFStream_muxjbC' due to the length limit 20
INFO: [RTGEN 206-100] Generating core module 'EVABMOFStream_muxjbC': 1 instance(s).
INFO: [RTGEN 206-100] Finished creating RTL model for 'rotateSlice'.
INFO: [HLS 200-111]  Elapsed time: 0.463 seconds; current allocated memory: 427.079 MB.
INFO: [HLS 200-10] ----------------------------------------------------------------
INFO: [HLS 200-10] -- Generating RTL for module 'rwSlices'
INFO: [HLS 200-10] ----------------------------------------------------------------
WARNING: [RTGEN 206-101] Register 'oldIdx_V' is power-on initialization.
INFO: [SYN 201-210] Renamed object name 'rwSlices_glPLSlices_V_0' to 'rwSlices_glPLSlickbM' due to the length limit 20
INFO: [SYN 201-210] Renamed object name 'rwSlices_glPLSlices_V_1' to 'rwSlices_glPLSliclbW' due to the length limit 20
INFO: [SYN 201-210] Renamed object name 'rwSlices_glPLSlices_V_2' to 'rwSlices_glPLSlicmb6' due to the length limit 20
INFO: [SYN 201-210] Renamed object name 'rwSlices_glPLSlices_V_3' to 'rwSlices_glPLSlicncg' due to the length limit 20
INFO: [SYN 201-210] Renamed object name 'rwSlices_glPLSlicesScale1_V_0' to 'rwSlices_glPLSlicocq' due to the length limit 20
INFO: [SYN 201-210] Renamed object name 'rwSlices_glPLSlicesScale1_V_1' to 'rwSlices_glPLSlicpcA' due to the length limit 20
INFO: [SYN 201-210] Renamed object name 'rwSlices_glPLSlicesScale1_V_2' to 'rwSlices_glPLSlicqcK' due to the length limit 20
INFO: [SYN 201-210] Renamed object name 'rwSlices_glPLSlicesScale1_V_3' to 'rwSlices_glPLSlicrcU' due to the length limit 20
INFO: [SYN 201-210] Renamed object name 'rwSlices_glPLSlicesScale2_V_0' to 'rwSlices_glPLSlicsc4' due to the length limit 20
INFO: [SYN 201-210] Renamed object name 'rwSlices_glPLSlicesScale2_V_1' to 'rwSlices_glPLSlictde' due to the length limit 20
INFO: [SYN 201-210] Renamed object name 'rwSlices_glPLSlicesScale2_V_2' to 'rwSlices_glPLSlicudo' due to the length limit 20
INFO: [SYN 201-210] Renamed object name 'rwSlices_glPLSlicesScale2_V_3' to 'rwSlices_glPLSlicvdy' due to the length limit 20
WARNING: [RTGEN 206-101] Register 'resetCnt_V' is power-on initialization.
INFO: [SYN 201-210] Renamed object name 'EVABMOFStream_mux_42_128_1_1' to 'EVABMOFStream_muxwdI' due to the length limit 20
INFO: [RTGEN 206-100] Generating core module 'EVABMOFStream_muxwdI': 15 instance(s).
INFO: [RTGEN 206-100] Finished creating RTL model for 'rwSlices'.
INFO: [HLS 200-111]  Elapsed time: 1.322 seconds; current allocated memory: 435.363 MB.
INFO: [HLS 200-10] ----------------------------------------------------------------
INFO: [HLS 200-10] -- Generating RTL for module 'sadSum'
INFO: [HLS 200-10] ----------------------------------------------------------------
INFO: [RTGEN 206-100] Finished creating RTL model for 'sadSum'.
INFO: [HLS 200-111]  Elapsed time: 5.386 seconds; current allocated memory: 436.268 MB.
INFO: [HLS 200-10] ----------------------------------------------------------------
INFO: [HLS 200-10] -- Generating RTL for module 'sad'
INFO: [HLS 200-10] ----------------------------------------------------------------
INFO: [SYN 201-210] Renamed object name 'EVABMOFStream_sub_5s_5s_5_1_1' to 'EVABMOFStream_subxdS' due to the length limit 20
INFO: [RTGEN 206-100] Generating core module 'EVABMOFStream_subxdS': 5 instance(s).
INFO: [RTGEN 206-100] Finished creating RTL model for 'sad'.
INFO: [HLS 200-111]  Elapsed time: 0.618 seconds; current allocated memory: 436.808 MB.
INFO: [HLS 200-10] ----------------------------------------------------------------
INFO: [HLS 200-10] -- Generating RTL for module 'colSADSum'
INFO: [HLS 200-10] ----------------------------------------------------------------
INFO: [RTGEN 206-100] Finished creating RTL model for 'colSADSum'.
INFO: [HLS 200-111]  Elapsed time: 0.503 seconds; current allocated memory: 437.828 MB.
INFO: [HLS 200-10] ----------------------------------------------------------------
INFO: [HLS 200-10] -- Generating RTL for module 'colZeroCnt'
INFO: [HLS 200-10] ----------------------------------------------------------------
INFO: [RTGEN 206-100] Finished creating RTL model for 'colZeroCnt'.
INFO: [HLS 200-111]  Elapsed time: 0.812 seconds; current allocated memory: 441.745 MB.
INFO: [HLS 200-10] ----------------------------------------------------------------
INFO: [HLS 200-10] -- Generating RTL for module 'colStreamToColSum'
INFO: [HLS 200-10] ----------------------------------------------------------------
INFO: [SYN 201-210] Renamed object name 'colStreamToColSum_colData0_V' to 'colStreamToColSumyd2' due to the length limit 20
INFO: [SYN 201-210] Renamed object name 'colStreamToColSum_colData1_V' to 'colStreamToColSumzec' due to the length limit 20
INFO: [RTGEN 206-100] Finished creating RTL model for 'colStreamToColSum'.
INFO: [HLS 200-111]  Elapsed time: 3.104 seconds; current allocated memory: 444.554 MB.
INFO: [HLS 200-10] ----------------------------------------------------------------
INFO: [HLS 200-10] -- Generating RTL for module 'min'
INFO: [HLS 200-10] ----------------------------------------------------------------
INFO: [RTGEN 206-100] Finished creating RTL model for 'min'.
INFO: [HLS 200-111]  Elapsed time: 1.28 seconds; current allocated memory: 445.428 MB.
INFO: [HLS 200-10] ----------------------------------------------------------------
INFO: [HLS 200-10] -- Generating RTL for module 'accumulateStream'
INFO: [HLS 200-10] ----------------------------------------------------------------
WARNING: [RTGEN 206-101] Register 'lastSumData_V' is power-on initialization.
WARNING: [RTGEN 206-101] Register 'lastTagColValidCntSu_1' is power-on initialization.
WARNING: [RTGEN 206-101] Register 'lastrefTagValidCntSu_1' is power-on initialization.
WARNING: [RTGEN 206-101] Register 'lastSumRefZeroCnt' is power-on initialization.
INFO: [RTGEN 206-100] Finished creating RTL model for 'accumulateStream'.
INFO: [HLS 200-111]  Elapsed time: 0.691 seconds; current allocated memory: 446.942 MB.
INFO: [HLS 200-10] ----------------------------------------------------------------
INFO: [HLS 200-10] -- Generating RTL for module 'findStreamMin'
INFO: [HLS 200-10] ----------------------------------------------------------------
WARNING: [RTGEN 206-101] Register 'currentMin_V' is power-on initialization.
INFO: [RTGEN 206-100] Finished creating RTL model for 'findStreamMin'.
INFO: [HLS 200-111]  Elapsed time: 1.653 seconds; current allocated memory: 447.665 MB.
INFO: [HLS 200-10] ----------------------------------------------------------------
INFO: [HLS 200-10] -- Generating RTL for module 'colStreamToColSumSca_1'
INFO: [HLS 200-10] ----------------------------------------------------------------
INFO: [SYN 201-210] Renamed object name 'colStreamToColSumSca_1_colData0_V' to 'colStreamToColSumAem' due to the length limit 20
INFO: [SYN 201-210] Renamed object name 'colStreamToColSumSca_1_colData1_V' to 'colStreamToColSumBew' due to the length limit 20
INFO: [RTGEN 206-100] Finished creating RTL model for 'colStreamToColSumSca_1'.
INFO: [HLS 200-111]  Elapsed time: 0.566 seconds; current allocated memory: 449.384 MB.
INFO: [HLS 200-10] ----------------------------------------------------------------
INFO: [HLS 200-10] -- Generating RTL for module 'accumulateStreamScal_1'
INFO: [HLS 200-10] ----------------------------------------------------------------
WARNING: [RTGEN 206-101] Register 'lastSumDataScale1_V' is power-on initialization.
WARNING: [RTGEN 206-101] Register 'lastTagColValidCntSu_2' is power-on initialization.
WARNING: [RTGEN 206-101] Register 'lastrefTagValidCntSu_2' is power-on initialization.
WARNING: [RTGEN 206-101] Register 'lastSumRefZeroCntSca_1' is power-on initialization.
INFO: [RTGEN 206-100] Finished creating RTL model for 'accumulateStreamScal_1'.
INFO: [HLS 200-111]  Elapsed time: 1.472 seconds; current allocated memory: 451.375 MB.
INFO: [HLS 200-10] ----------------------------------------------------------------
INFO: [HLS 200-10] -- Generating RTL for module 'findStreamMinScale1'
INFO: [HLS 200-10] ----------------------------------------------------------------
WARNING: [RTGEN 206-101] Register 'currentMinScale1_V' is power-on initialization.
INFO: [RTGEN 206-100] Finished creating RTL model for 'findStreamMinScale1'.
INFO: [HLS 200-111]  Elapsed time: 1.47 seconds; current allocated memory: 452.114 MB.
INFO: [HLS 200-10] ----------------------------------------------------------------
INFO: [HLS 200-10] -- Generating RTL for module 'colStreamToColSumSca'
INFO: [HLS 200-10] ----------------------------------------------------------------
INFO: [SYN 201-210] Renamed object name 'colStreamToColSumSca_colData0_V' to 'colStreamToColSumCeG' due to the length limit 20
INFO: [SYN 201-210] Renamed object name 'colStreamToColSumSca_colData1_V' to 'colStreamToColSumDeQ' due to the length limit 20
INFO: [RTGEN 206-100] Finished creating RTL model for 'colStreamToColSumSca'.
INFO: [HLS 200-111]  Elapsed time: 0.657 seconds; current allocated memory: 453.857 MB.
INFO: [HLS 200-10] ----------------------------------------------------------------
INFO: [HLS 200-10] -- Generating RTL for module 'accumulateStreamScal'
INFO: [HLS 200-10] ----------------------------------------------------------------
WARNING: [RTGEN 206-101] Register 'lastSumDataScale2_V' is power-on initialization.
WARNING: [RTGEN 206-101] Register 'lastTagColValidCntSu' is power-on initialization.
WARNING: [RTGEN 206-101] Register 'lastrefTagValidCntSu' is power-on initialization.
WARNING: [RTGEN 206-101] Register 'lastSumRefZeroCntSca' is power-on initialization.
INFO: [RTGEN 206-100] Finished creating RTL model for 'accumulateStreamScal'.
INFO: [HLS 200-111]  Elapsed time: 1.527 seconds; current allocated memory: 455.847 MB.
INFO: [HLS 200-10] ----------------------------------------------------------------
INFO: [HLS 200-10] -- Generating RTL for module 'findStreamMinScale2'
INFO: [HLS 200-10] ----------------------------------------------------------------
WARNING: [RTGEN 206-101] Register 'currentMinScale2_V' is power-on initialization.
INFO: [RTGEN 206-100] Finished creating RTL model for 'findStreamMinScale2'.
INFO: [HLS 200-111]  Elapsed time: 1.577 seconds; current allocated memory: 456.590 MB.
INFO: [HLS 200-10] ----------------------------------------------------------------
INFO: [HLS 200-10] -- Generating RTL for module 'feedback'
INFO: [HLS 200-10] ----------------------------------------------------------------
WARNING: [RTGEN 206-101] Register 'areaEventThr' is power-on initialization.
INFO: [SYN 201-210] Renamed object name 'EVABMOFStream_ama_addmuladd_6ns_6ns_16s_16ns_16_1_1' to 'EVABMOFStream_amaEe0' due to the length limit 20
INFO: [SYN 201-210] Renamed object name 'EVABMOFStream_mul_mul_16ns_7ns_23_1_1' to 'EVABMOFStream_mulFfa' due to the length limit 20
INFO: [SYN 201-210] Renamed object name 'EVABMOFStream_mul_mul_16ns_10ns_25_1_1' to 'EVABMOFStream_mulGfk' due to the length limit 20
INFO: [RTGEN 206-100] Generating core module 'EVABMOFStream_amaEe0': 1 instance(s).
INFO: [RTGEN 206-100] Generating core module 'EVABMOFStream_mulFfa': 1 instance(s).
INFO: [RTGEN 206-100] Generating core module 'EVABMOFStream_mulGfk': 1 instance(s).
INFO: [RTGEN 206-100] Finished creating RTL model for 'feedback'.
INFO: [HLS 200-111]  Elapsed time: 0.654 seconds; current allocated memory: 457.223 MB.
INFO: [HLS 200-10] ----------------------------------------------------------------
INFO: [HLS 200-10] -- Generating RTL for module 'feedbackAndCombineOu'
INFO: [HLS 200-10] ----------------------------------------------------------------
INFO: [RTGEN 206-100] Finished creating RTL model for 'feedbackAndCombineOu'.
INFO: [HLS 200-111]  Elapsed time: 0.765 seconds; current allocated memory: 458.135 MB.
INFO: [HLS 200-10] ----------------------------------------------------------------
INFO: [HLS 200-10] -- Generating RTL for module 'EVABMOFStream'
INFO: [HLS 200-10] ----------------------------------------------------------------
INFO: [RTGEN 206-500] Setting interface mode on port 'EVABMOFStream/xStreamIn_V_V' to 'axis' (register, both mode).
INFO: [RTGEN 206-500] Setting interface mode on port 'EVABMOFStream/yStreamIn_V_V' to 'axis' (register, both mode).
INFO: [RTGEN 206-500] Setting interface mode on port 'EVABMOFStream/tsStreamIn_V_V' to 'axis' (register, both mode).
INFO: [RTGEN 206-500] Setting interface mode on port 'EVABMOFStream/polStreamIn_V_V' to 'axis' (register, both mode).
INFO: [RTGEN 206-500] Setting interface mode on port 'EVABMOFStream/xStreamOut_V_V' to 'axis' (register, both mode).
INFO: [RTGEN 206-500] Setting interface mode on port 'EVABMOFStream/yStreamOut_V_V' to 'axis' (register, both mode).
INFO: [RTGEN 206-500] Setting interface mode on port 'EVABMOFStream/tsStreamOut_V_V' to 'axis' (register, both mode).
INFO: [RTGEN 206-500] Setting interface mode on port 'EVABMOFStream/polStreamOut_V_V' to 'axis' (register, both mode).
INFO: [RTGEN 206-500] Setting interface mode on port 'EVABMOFStream/pixelDataStream_V_V' to 'axis' (register, both mode).
INFO: [RTGEN 206-500] Setting interface mode on port 'EVABMOFStream/config_V' to 's_axilite & ap_none'.
INFO: [RTGEN 206-500] Setting interface mode on port 'EVABMOFStream/status_V' to 's_axilite & ap_vld'.
INFO: [RTGEN 206-500] Setting interface mode on function 'EVABMOFStream' to 'ap_ctrl_hs'.
INFO: [RTGEN 206-100] Bundling port 'config_V' and 'status_V' to AXI-Lite port config.
INFO: [SYN 201-210] Renamed object name 'start_for_rotateSlice_U0' to 'start_for_rotateSHfu' due to the length limit 20
INFO: [SYN 201-210] Renamed object name 'start_for_feedbackAndCombineOu_U0' to 'start_for_feedbacIfE' due to the length limit 20
INFO: [SYN 201-210] Renamed object name 'start_for_rwSlices_U0' to 'start_for_rwSliceJfO' due to the length limit 20
INFO: [SYN 201-210] Renamed object name 'start_for_colStreamToColSum_U0' to 'start_for_colStreKfY' due to the length limit 20
INFO: [SYN 201-210] Renamed object name 'start_for_colStreamToColSumSca_1_U0' to 'start_for_colStreLf8' due to the length limit 20
INFO: [SYN 201-210] Renamed object name 'start_for_colStreamToColSumSca_U0' to 'start_for_colStreMgi' due to the length limit 20
INFO: [SYN 201-210] Renamed object name 'start_for_accumulateStream_U0' to 'start_for_accumulNgs' due to the length limit 20
INFO: [SYN 201-210] Renamed object name 'start_for_findStreamMin_U0' to 'start_for_findStrOgC' due to the length limit 20
INFO: [SYN 201-210] Renamed object name 'start_for_accumulateStreamScal_1_U0' to 'start_for_accumulPgM' due to the length limit 20
INFO: [SYN 201-210] Renamed object name 'start_for_findStreamMinScale1_U0' to 'start_for_findStrQgW' due to the length limit 20
INFO: [SYN 201-210] Renamed object name 'start_for_accumulateStreamScal_U0' to 'start_for_accumulRg6' due to the length limit 20
INFO: [SYN 201-210] Renamed object name 'start_for_findStreamMinScale2_U0' to 'start_for_findStrShg' due to the length limit 20
INFO: [RTGEN 206-100] Finished creating RTL model for 'EVABMOFStream'.
INFO: [HLS 200-111]  Elapsed time: 1.157 seconds; current allocated memory: 460.691 MB.
INFO: [RTMG 210-278] Implementing memory 'rotateSlice_areaEbkb_ram (RAM_2P_LUTRAM)' using distributed RAMs with power-on initialization.
INFO: [RTMG 210-278] Implementing memory 'rwSlices_glPLSlickbM_ram (RAM_T2P_BRAM)' using block RAMs with power-on initialization.
INFO: [RTMG 210-278] Implementing memory 'rwSlices_glPLSlicocq_ram (RAM_T2P_BRAM)' using block RAMs with power-on initialization.
INFO: [RTMG 210-278] Implementing memory 'rwSlices_glPLSlicsc4_ram (RAM_T2P_BRAM)' using block RAMs with power-on initialization.
INFO: [RTMG 210-287] Generating adder/subtractor assigned to DSP48: 'EVABMOFStream_subxdS_AddSub_DSP_0'
INFO: [RTMG 210-278] Implementing memory 'colStreamToColSumyd2_ram (RAM_2P_LUTRAM)' using distributed RAMs.
INFO: [RTMG 210-278] Implementing memory 'colStreamToColSumzec_ram (RAM_2P_LUTRAM)' using distributed RAMs.
INFO: [RTMG 210-278] Implementing memory 'feedback_OFRetRegs_ram (RAM_2P_LUTRAM)' using distributed RAMs with power-on initialization.
INFO: [RTMG 210-285] Implementing FIFO 'fifo_w9_d8_A' using Shift Registers.
INFO: [RTMG 210-285] Implementing FIFO 'fifo_w96_d2_S' using Shift Registers.
INFO: [RTMG 210-285] Implementing FIFO 'fifo_w16_d3_A' using Shift Registers.
INFO: [RTMG 210-285] Implementing FIFO 'fifo_w1_d6_A' using Shift Registers.
INFO: [RTMG 210-285] Implementing FIFO 'fifo_w68_d2_S' using Shift Registers.
INFO: [RTMG 210-285] Implementing FIFO 'fifo_w68_d6_S' using Shift Registers.
INFO: [RTMG 210-285] Implementing FIFO 'fifo_w68_d2_A' using Shift Registers.
INFO: [RTMG 210-285] Implementing FIFO 'fifo_w68_d6_A' using Shift Registers.
INFO: [RTMG 210-285] Implementing FIFO 'fifo_w68_d2_A' using Shift Registers.
INFO: [RTMG 210-285] Implementing FIFO 'fifo_w68_d6_A' using Shift Registers.
INFO: [RTMG 210-285] Implementing FIFO 'fifo_w112_d2_S' using Shift Registers.
INFO: [RTMG 210-285] Implementing FIFO 'fifo_w6_d2_A' using Shift Registers.
INFO: [RTMG 210-285] Implementing FIFO 'fifo_w42_d2_A' using Shift Registers.
INFO: [RTMG 210-285] Implementing FIFO 'fifo_w42_d2_A' using Shift Registers.
INFO: [RTMG 210-285] Implementing FIFO 'fifo_w15_d2_S' using Shift Registers.
INFO: [RTMG 210-285] Implementing FIFO 'fifo_w112_d2_S' using Shift Registers.
INFO: [RTMG 210-285] Implementing FIFO 'fifo_w6_d2_A' using Shift Registers.
INFO: [RTMG 210-285] Implementing FIFO 'fifo_w42_d2_A' using Shift Registers.
INFO: [RTMG 210-285] Implementing FIFO 'fifo_w42_d2_A' using Shift Registers.
INFO: [RTMG 210-285] Implementing FIFO 'fifo_w15_d2_S' using Shift Registers.
INFO: [RTMG 210-285] Implementing FIFO 'fifo_w112_d2_S' using Shift Registers.
INFO: [RTMG 210-285] Implementing FIFO 'fifo_w6_d2_A' using Shift Registers.
INFO: [RTMG 210-285] Implementing FIFO 'fifo_w42_d2_A' using Shift Registers.
INFO: [RTMG 210-285] Implementing FIFO 'fifo_w42_d2_A' using Shift Registers.
INFO: [RTMG 210-285] Implementing FIFO 'fifo_w15_d2_S' using Shift Registers.
INFO: [RTMG 210-285] Implementing FIFO 'start_for_rotateSHfu' using Shift Registers.
INFO: [RTMG 210-285] Implementing FIFO 'start_for_feedbacIfE' using Shift Registers.
INFO: [RTMG 210-285] Implementing FIFO 'start_for_rwSliceJfO' using Shift Registers.
INFO: [RTMG 210-285] Implementing FIFO 'start_for_colStreKfY' using Shift Registers.
INFO: [RTMG 210-285] Implementing FIFO 'start_for_colStreLf8' using Shift Registers.
INFO: [RTMG 210-285] Implementing FIFO 'start_for_colStreMgi' using Shift Registers.
INFO: [RTMG 210-285] Implementing FIFO 'start_for_accumulNgs' using Shift Registers.
INFO: [RTMG 210-285] Implementing FIFO 'start_for_findStrOgC' using Shift Registers.
INFO: [RTMG 210-285] Implementing FIFO 'start_for_accumulPgM' using Shift Registers.
INFO: [RTMG 210-285] Implementing FIFO 'start_for_findStrQgW' using Shift Registers.
INFO: [RTMG 210-285] Implementing FIFO 'start_for_accumulRg6' using Shift Registers.
INFO: [RTMG 210-285] Implementing FIFO 'start_for_findStrShg' using Shift Registers.
INFO: [HLS 200-111] Finished generating all RTL models Time (s): cpu = 00:02:15 ; elapsed = 00:03:22 . Memory (MB): peak = 596.156 ; gain = 537.844
INFO: [SYSC 207-301] Generating SystemC RTL for EVABMOFStream.
INFO: [VHDL 208-304] Generating VHDL RTL for EVABMOFStream.
INFO: [VLOG 209-307] Generating Verilog RTL for EVABMOFStream.
INFO: [HLS 200-112] Total elapsed time: 201.776 seconds; peak allocated memory: 460.691 MB.
